2025-05-10T10:39:03.388+05:30  INFO 7264 --- [NotificationsAndReminders] [restartedMain] c.c.NotificationsAndRemindersApplication : Starting NotificationsAndRemindersApplication using Java 21.0.6 with PID 7264 (C:\Users\2401270\git\Em_project\NotificationsAndReminders\target\classes started by 2401270 in C:\Users\2401270\git\Em_project\NotificationsAndReminders)
2025-05-10T10:39:03.399+05:30  INFO 7264 --- [NotificationsAndReminders] [restartedMain] c.c.NotificationsAndRemindersApplication : No active profile set, falling back to 1 default profile: "default"
2025-05-10T10:39:03.481+05:30  INFO 7264 --- [NotificationsAndReminders] [restartedMain] o.s.c.c.c.ConfigServerConfigDataLoader   : Fetching config from server at : http://localhost:8083
2025-05-10T10:39:03.482+05:30  INFO 7264 --- [NotificationsAndReminders] [restartedMain] o.s.c.c.c.ConfigServerConfigDataLoader   : Located environment: name=NotificationsAndReminders, profiles=[default], label=null, version=7a833fc721876b5273d3e4e288ddb7b692088b6d, state=
2025-05-10T10:39:03.485+05:30  INFO 7264 --- [NotificationsAndReminders] [restartedMain] .e.DevToolsPropertyDefaultsPostProcessor : Devtools property defaults active! Set 'spring.devtools.add-properties' to 'false' to disable
2025-05-10T10:39:03.486+05:30  INFO 7264 --- [NotificationsAndReminders] [restartedMain] .e.DevToolsPropertyDefaultsPostProcessor : For additional web related logging consider setting the 'logging.level.web' property to 'DEBUG'
2025-05-10T10:39:04.602+05:30  INFO 7264 --- [NotificationsAndReminders] [restartedMain] .s.d.r.c.RepositoryConfigurationDelegate : Bootstrapping Spring Data JPA repositories in DEFAULT mode.
2025-05-10T10:39:04.635+05:30  INFO 7264 --- [NotificationsAndReminders] [restartedMain] .s.d.r.c.RepositoryConfigurationDelegate : Finished Spring Data repository scanning in 20 ms. Found 0 JPA repository interfaces.
2025-05-10T10:39:04.883+05:30  INFO 7264 --- [NotificationsAndReminders] [restartedMain] o.s.cloud.context.scope.GenericScope     : BeanFactory id=b1b9f760-f8cd-3a81-8dcd-9003bfa2b090
2025-05-10T10:39:05.473+05:30  INFO 7264 --- [NotificationsAndReminders] [restartedMain] o.s.b.w.embedded.tomcat.TomcatWebServer  : Tomcat initialized with port 3034 (http)
2025-05-10T10:39:05.488+05:30  INFO 7264 --- [NotificationsAndReminders] [restartedMain] o.apache.catalina.core.StandardService   : Starting service [Tomcat]
2025-05-10T10:39:05.489+05:30  INFO 7264 --- [NotificationsAndReminders] [restartedMain] o.apache.catalina.core.StandardEngine    : Starting Servlet engine: [Apache Tomcat/10.1.40]
2025-05-10T10:39:05.558+05:30  INFO 7264 --- [NotificationsAndReminders] [restartedMain] o.a.c.c.C.[Tomcat].[localhost].[/]       : Initializing Spring embedded WebApplicationContext
2025-05-10T10:39:05.559+05:30  INFO 7264 --- [NotificationsAndReminders] [restartedMain] w.s.c.ServletWebServerApplicationContext : Root WebApplicationContext: initialization completed in 2070 ms
2025-05-10T10:39:05.739+05:30  INFO 7264 --- [NotificationsAndReminders] [restartedMain] o.hibernate.jpa.internal.util.LogHelper  : HHH000204: Processing PersistenceUnitInfo [name: default]
2025-05-10T10:39:05.805+05:30  INFO 7264 --- [NotificationsAndReminders] [restartedMain] org.hibernate.Version                    : HHH000412: Hibernate ORM core version 6.6.13.Final
2025-05-10T10:39:05.866+05:30  INFO 7264 --- [NotificationsAndReminders] [restartedMain] o.h.c.internal.RegionFactoryInitiator    : HHH000026: Second-level cache disabled
2025-05-10T10:39:06.412+05:30  INFO 7264 --- [NotificationsAndReminders] [restartedMain] o.s.o.j.p.SpringPersistenceUnitInfo      : No LoadTimeWeaver setup: ignoring JPA class transformer
2025-05-10T10:39:06.472+05:30  INFO 7264 --- [NotificationsAndReminders] [restartedMain] com.zaxxer.hikari.HikariDataSource       : HikariPool-1 - Starting...
2025-05-10T10:39:06.888+05:30  INFO 7264 --- [NotificationsAndReminders] [restartedMain] com.zaxxer.hikari.pool.HikariPool        : HikariPool-1 - Added connection com.mysql.cj.jdbc.ConnectionImpl@443284eb
2025-05-10T10:39:06.891+05:30  INFO 7264 --- [NotificationsAndReminders] [restartedMain] com.zaxxer.hikari.HikariDataSource       : HikariPool-1 - Start completed.
2025-05-10T10:39:06.956+05:30  WARN 7264 --- [NotificationsAndReminders] [restartedMain] org.hibernate.orm.deprecation            : HHH90000025: MySQLDialect does not need to be specified explicitly using 'hibernate.dialect' (remove the property setting and it will be selected by default)
2025-05-10T10:39:06.982+05:30  INFO 7264 --- [NotificationsAndReminders] [restartedMain] org.hibernate.orm.connections.pooling    : HHH10001005: Database info:
	Database JDBC URL [Connecting through datasource 'HikariDataSource (HikariPool-1)']
	Database driver: undefined/unknown
	Database version: 8.0.41
	Autocommit mode: undefined/unknown
	Isolation level: undefined/unknown
	Minimum pool size: undefined/unknown
	Maximum pool size: undefined/unknown
2025-05-10T10:39:07.984+05:30  INFO 7264 --- [NotificationsAndReminders] [restartedMain] o.h.e.t.j.p.i.JtaPlatformInitiator       : HHH000489: No JTA platform available (set 'hibernate.transaction.jta.platform' to enable JTA platform integration)
2025-05-10T10:39:08.045+05:30  INFO 7264 --- [NotificationsAndReminders] [restartedMain] j.LocalContainerEntityManagerFactoryBean : Initialized JPA EntityManagerFactory for persistence unit 'default'
2025-05-10T10:39:08.109+05:30  WARN 7264 --- [NotificationsAndReminders] [restartedMain] JpaBaseConfiguration$JpaWebConfiguration : spring.jpa.open-in-view is enabled by default. Therefore, database queries may be performed during view rendering. Explicitly configure spring.jpa.open-in-view to disable this warning
2025-05-10T10:39:08.731+05:30  WARN 7264 --- [NotificationsAndReminders] [restartedMain] o.s.b.d.a.OptionalLiveReloadServer       : Unable to start LiveReload server
2025-05-10T10:39:08.815+05:30  INFO 7264 --- [NotificationsAndReminders] [restartedMain] DiscoveryClientOptionalArgsConfiguration : Eureka HTTP Client uses RestTemplate.
2025-05-10T10:39:08.877+05:30  WARN 7264 --- [NotificationsAndReminders] [restartedMain] iguration$LoadBalancerCaffeineWarnLogger : Spring Cloud LoadBalancer is currently working with the default cache. While this cache implementation is useful for development and tests, it's recommended to use Caffeine cache in production.You can switch to using Caffeine cache, by adding it and org.springframework.cache.caffeine.CaffeineCacheManager to the classpath.
2025-05-10T10:39:08.984+05:30  INFO 7264 --- [NotificationsAndReminders] [restartedMain] o.s.c.n.eureka.InstanceInfoFactory       : Setting initial instance status as: STARTING
2025-05-10T10:39:09.041+05:30  INFO 7264 --- [NotificationsAndReminders] [restartedMain] com.netflix.discovery.DiscoveryClient    : Initializing Eureka in region us-east-1
2025-05-10T10:39:09.048+05:30  INFO 7264 --- [NotificationsAndReminders] [restartedMain] c.n.d.s.r.aws.ConfigClusterResolver      : Resolving eureka endpoints via configuration
2025-05-10T10:39:09.061+05:30  INFO 7264 --- [NotificationsAndReminders] [restartedMain] com.netflix.discovery.DiscoveryClient    : Disable delta property : false
2025-05-10T10:39:09.062+05:30  INFO 7264 --- [NotificationsAndReminders] [restartedMain] com.netflix.discovery.DiscoveryClient    : Single vip registry refresh property : null
2025-05-10T10:39:09.062+05:30  INFO 7264 --- [NotificationsAndReminders] [restartedMain] com.netflix.discovery.DiscoveryClient    : Force full registry fetch : false
2025-05-10T10:39:09.062+05:30  INFO 7264 --- [NotificationsAndReminders] [restartedMain] com.netflix.discovery.DiscoveryClient    : Application is null : false
2025-05-10T10:39:09.062+05:30  INFO 7264 --- [NotificationsAndReminders] [restartedMain] com.netflix.discovery.DiscoveryClient    : Registered Applications size is zero : true
2025-05-10T10:39:09.062+05:30  INFO 7264 --- [NotificationsAndReminders] [restartedMain] com.netflix.discovery.DiscoveryClient    : Application version is -1: true
2025-05-10T10:39:09.062+05:30  INFO 7264 --- [NotificationsAndReminders] [restartedMain] com.netflix.discovery.DiscoveryClient    : Getting all instance registry info from the eureka server
2025-05-10T10:39:09.446+05:30  INFO 7264 --- [NotificationsAndReminders] [restartedMain] com.netflix.discovery.DiscoveryClient    : The response status is 200
2025-05-10T10:39:09.449+05:30  INFO 7264 --- [NotificationsAndReminders] [restartedMain] com.netflix.discovery.DiscoveryClient    : Starting heartbeat executor: renew interval is: 30
2025-05-10T10:39:09.452+05:30  INFO 7264 --- [NotificationsAndReminders] [restartedMain] c.n.discovery.InstanceInfoReplicator     : InstanceInfoReplicator onDemand update allowed rate per min is 4
2025-05-10T10:39:09.454+05:30  INFO 7264 --- [NotificationsAndReminders] [restartedMain] com.netflix.discovery.DiscoveryClient    : Discovery Client initialized at timestamp 1746853749454 with initial instances count: 2
2025-05-10T10:39:09.463+05:30  INFO 7264 --- [NotificationsAndReminders] [restartedMain] o.s.c.n.e.s.EurekaServiceRegistry        : Registering application NOTIFICATIONSANDREMINDERS with eureka with status UP
2025-05-10T10:39:09.465+05:30  INFO 7264 --- [NotificationsAndReminders] [restartedMain] com.netflix.discovery.DiscoveryClient    : Saw local status change event StatusChangeEvent [timestamp=1746853749464, current=UP, previous=STARTING]
2025-05-10T10:39:09.468+05:30  INFO 7264 --- [NotificationsAndReminders] [DiscoveryClient-InstanceInfoReplicator-%d] com.netflix.discovery.DiscoveryClient    : DiscoveryClient_NOTIFICATIONSANDREMINDERS/LTIN617400.cts.com:NotificationsAndReminders:3034: registering service...
2025-05-10T10:39:09.499+05:30  INFO 7264 --- [NotificationsAndReminders] [restartedMain] o.s.b.w.embedded.tomcat.TomcatWebServer  : Tomcat started on port 3034 (http) with context path '/'
2025-05-10T10:39:09.501+05:30  INFO 7264 --- [NotificationsAndReminders] [restartedMain] .s.c.n.e.s.EurekaAutoServiceRegistration : Updating port to 3034
2025-05-10T10:39:09.527+05:30  INFO 7264 --- [NotificationsAndReminders] [restartedMain] c.c.NotificationsAndRemindersApplication : Started NotificationsAndRemindersApplication in 7.865 seconds (process running for 8.882)
2025-05-10T10:39:09.549+05:30  INFO 7264 --- [NotificationsAndReminders] [DiscoveryClient-InstanceInfoReplicator-%d] com.netflix.discovery.DiscoveryClient    : DiscoveryClient_NOTIFICATIONSANDREMINDERS/LTIN617400.cts.com:NotificationsAndReminders:3034 - registration status: 204
2025-05-10T10:39:29.496+05:30  INFO 7264 --- [NotificationsAndReminders] [RMI TCP Connection(8)-127.0.0.1] inMXBeanRegistrar$SpringApplicationAdmin : Application shutdown requested.
2025-05-10T10:39:29.497+05:30  INFO 7264 --- [NotificationsAndReminders] [RMI TCP Connection(8)-127.0.0.1] o.s.c.n.e.s.EurekaServiceRegistry        : Unregistering application NOTIFICATIONSANDREMINDERS with eureka with status DOWN
2025-05-10T10:39:29.497+05:30  INFO 7264 --- [NotificationsAndReminders] [RMI TCP Connection(8)-127.0.0.1] com.netflix.discovery.DiscoveryClient    : Saw local status change event StatusChangeEvent [timestamp=1746853769497, current=DOWN, previous=UP]
2025-05-10T10:39:29.497+05:30  INFO 7264 --- [NotificationsAndReminders] [DiscoveryClient-InstanceInfoReplicator-%d] com.netflix.discovery.DiscoveryClient    : DiscoveryClient_NOTIFICATIONSANDREMINDERS/LTIN617400.cts.com:NotificationsAndReminders:3034: registering service...
2025-05-10T10:39:29.502+05:30  INFO 7264 --- [NotificationsAndReminders] [RMI TCP Connection(8)-127.0.0.1] o.s.b.w.e.tomcat.GracefulShutdown        : Commencing graceful shutdown. Waiting for active requests to complete
2025-05-10T10:39:29.514+05:30  INFO 7264 --- [NotificationsAndReminders] [tomcat-shutdown] o.s.b.w.e.tomcat.GracefulShutdown        : Graceful shutdown complete
2025-05-10T10:39:29.516+05:30  INFO 7264 --- [NotificationsAndReminders] [DiscoveryClient-InstanceInfoReplicator-%d] com.netflix.discovery.DiscoveryClient    : DiscoveryClient_NOTIFICATIONSANDREMINDERS/LTIN617400.cts.com:NotificationsAndReminders:3034 - registration status: 204
2025-05-10T10:39:29.527+05:30  INFO 7264 --- [NotificationsAndReminders] [RMI TCP Connection(8)-127.0.0.1] j.LocalContainerEntityManagerFactoryBean : Closing JPA EntityManagerFactory for persistence unit 'default'
2025-05-10T10:39:29.529+05:30  INFO 7264 --- [NotificationsAndReminders] [RMI TCP Connection(8)-127.0.0.1] com.zaxxer.hikari.HikariDataSource       : HikariPool-1 - Shutdown initiated...
2025-05-10T10:39:29.541+05:30  INFO 7264 --- [NotificationsAndReminders] [RMI TCP Connection(8)-127.0.0.1] com.zaxxer.hikari.HikariDataSource       : HikariPool-1 - Shutdown completed.
2025-05-10T10:39:29.542+05:30  INFO 7264 --- [NotificationsAndReminders] [RMI TCP Connection(8)-127.0.0.1] com.netflix.discovery.DiscoveryClient    : Shutting down DiscoveryClient ...
2025-05-10T10:39:32.543+05:30  INFO 7264 --- [NotificationsAndReminders] [RMI TCP Connection(8)-127.0.0.1] com.netflix.discovery.DiscoveryClient    : Unregistering ...
2025-05-10T10:39:32.565+05:30  INFO 7264 --- [NotificationsAndReminders] [RMI TCP Connection(8)-127.0.0.1] com.netflix.discovery.DiscoveryClient    : DiscoveryClient_NOTIFICATIONSANDREMINDERS/LTIN617400.cts.com:NotificationsAndReminders:3034 - deregister  status: 200
2025-05-10T10:39:32.566+05:30  INFO 7264 --- [NotificationsAndReminders] [RMI TCP Connection(8)-127.0.0.1] com.netflix.discovery.DiscoveryClient    : Completed shut down of DiscoveryClient
