2025-05-11T17:22:27.791+05:30  INFO 6564 --- [EventManagement] [restartedMain] com.cts.EventManagementApplication       : Starting EventManagementApplication using Java 21.0.6 with PID 6564 (C:\Users\2401270\git\Em_project\EventManagement\target\classes started by 2401270 in C:\Users\2401270\git\Em_project\EventManagement)
2025-05-11T17:22:27.809+05:30  INFO 6564 --- [EventManagement] [restartedMain] com.cts.EventManagementApplication       : No active profile set, falling back to 1 default profile: "default"
2025-05-11T17:22:27.934+05:30  INFO 6564 --- [EventManagement] [restartedMain] o.s.c.c.c.ConfigServerConfigDataLoader   : Fetching config from server at : http://localhost:8083
2025-05-11T17:22:27.935+05:30  INFO 6564 --- [EventManagement] [restartedMain] o.s.c.c.c.ConfigServerConfigDataLoader   : Located environment: name=EventManagement, profiles=[default], label=null, version=7a833fc721876b5273d3e4e288ddb7b692088b6d, state=
2025-05-11T17:22:27.941+05:30  INFO 6564 --- [EventManagement] [restartedMain] .e.DevToolsPropertyDefaultsPostProcessor : Devtools property defaults active! Set 'spring.devtools.add-properties' to 'false' to disable
2025-05-11T17:22:27.941+05:30  INFO 6564 --- [EventManagement] [restartedMain] .e.DevToolsPropertyDefaultsPostProcessor : For additional web related logging consider setting the 'logging.level.web' property to 'DEBUG'
2025-05-11T17:22:29.690+05:30  INFO 6564 --- [EventManagement] [restartedMain] .s.d.r.c.RepositoryConfigurationDelegate : Bootstrapping Spring Data JPA repositories in DEFAULT mode.
2025-05-11T17:22:30.043+05:30  INFO 6564 --- [EventManagement] [restartedMain] .s.d.r.c.RepositoryConfigurationDelegate : Finished Spring Data repository scanning in 332 ms. Found 1 JPA repository interface.
2025-05-11T17:22:30.441+05:30  INFO 6564 --- [EventManagement] [restartedMain] o.s.cloud.context.scope.GenericScope     : BeanFactory id=8c209807-e3e6-3f31-ae4c-415fbc736300
2025-05-11T17:22:31.358+05:30  INFO 6564 --- [EventManagement] [restartedMain] o.s.b.w.embedded.tomcat.TomcatWebServer  : Tomcat initialized with port 3030 (http)
2025-05-11T17:22:31.385+05:30  INFO 6564 --- [EventManagement] [restartedMain] o.apache.catalina.core.StandardService   : Starting service [Tomcat]
2025-05-11T17:22:31.386+05:30  INFO 6564 --- [EventManagement] [restartedMain] o.apache.catalina.core.StandardEngine    : Starting Servlet engine: [Apache Tomcat/10.1.40]
2025-05-11T17:22:31.532+05:30  INFO 6564 --- [EventManagement] [restartedMain] o.a.c.c.C.[Tomcat].[localhost].[/]       : Initializing Spring embedded WebApplicationContext
2025-05-11T17:22:31.532+05:30  INFO 6564 --- [EventManagement] [restartedMain] w.s.c.ServletWebServerApplicationContext : Root WebApplicationContext: initialization completed in 3589 ms
2025-05-11T17:22:31.807+05:30  INFO 6564 --- [EventManagement] [restartedMain] o.hibernate.jpa.internal.util.LogHelper  : HHH000204: Processing PersistenceUnitInfo [name: default]
2025-05-11T17:22:31.918+05:30  INFO 6564 --- [EventManagement] [restartedMain] org.hibernate.Version                    : HHH000412: Hibernate ORM core version 6.6.13.Final
2025-05-11T17:22:31.992+05:30  INFO 6564 --- [EventManagement] [restartedMain] o.h.c.internal.RegionFactoryInitiator    : HHH000026: Second-level cache disabled
2025-05-11T17:22:32.460+05:30  INFO 6564 --- [EventManagement] [restartedMain] o.s.o.j.p.SpringPersistenceUnitInfo      : No LoadTimeWeaver setup: ignoring JPA class transformer
2025-05-11T17:22:32.509+05:30  INFO 6564 --- [EventManagement] [restartedMain] com.zaxxer.hikari.HikariDataSource       : HikariPool-1 - Starting...
2025-05-11T17:22:33.066+05:30  INFO 6564 --- [EventManagement] [restartedMain] com.zaxxer.hikari.pool.HikariPool        : HikariPool-1 - Added connection com.mysql.cj.jdbc.ConnectionImpl@4c91fd62
2025-05-11T17:22:33.070+05:30  INFO 6564 --- [EventManagement] [restartedMain] com.zaxxer.hikari.HikariDataSource       : HikariPool-1 - Start completed.
2025-05-11T17:22:33.174+05:30  WARN 6564 --- [EventManagement] [restartedMain] org.hibernate.orm.deprecation            : HHH90000025: MySQLDialect does not need to be specified explicitly using 'hibernate.dialect' (remove the property setting and it will be selected by default)
2025-05-11T17:22:33.219+05:30  INFO 6564 --- [EventManagement] [restartedMain] org.hibernate.orm.connections.pooling    : HHH10001005: Database info:
	Database JDBC URL [Connecting through datasource 'HikariDataSource (HikariPool-1)']
	Database driver: undefined/unknown
	Database version: 8.0.41
	Autocommit mode: undefined/unknown
	Isolation level: undefined/unknown
	Minimum pool size: undefined/unknown
	Maximum pool size: undefined/unknown
2025-05-11T17:22:34.954+05:30  INFO 6564 --- [EventManagement] [restartedMain] o.h.e.t.j.p.i.JtaPlatformInitiator       : HHH000489: No JTA platform available (set 'hibernate.transaction.jta.platform' to enable JTA platform integration)
2025-05-11T17:22:35.056+05:30  INFO 6564 --- [EventManagement] [restartedMain] j.LocalContainerEntityManagerFactoryBean : Initialized JPA EntityManagerFactory for persistence unit 'default'
2025-05-11T17:22:35.879+05:30  WARN 6564 --- [EventManagement] [restartedMain] JpaBaseConfiguration$JpaWebConfiguration : spring.jpa.open-in-view is enabled by default. Therefore, database queries may be performed during view rendering. Explicitly configure spring.jpa.open-in-view to disable this warning
2025-05-11T17:22:37.061+05:30  WARN 6564 --- [EventManagement] [restartedMain] o.s.b.d.a.OptionalLiveReloadServer       : Unable to start LiveReload server
2025-05-11T17:22:37.184+05:30  INFO 6564 --- [EventManagement] [restartedMain] DiscoveryClientOptionalArgsConfiguration : Eureka HTTP Client uses RestTemplate.
2025-05-11T17:22:37.280+05:30  WARN 6564 --- [EventManagement] [restartedMain] iguration$LoadBalancerCaffeineWarnLogger : Spring Cloud LoadBalancer is currently working with the default cache. While this cache implementation is useful for development and tests, it's recommended to use Caffeine cache in production.You can switch to using Caffeine cache, by adding it and org.springframework.cache.caffeine.CaffeineCacheManager to the classpath.
2025-05-11T17:22:37.409+05:30  INFO 6564 --- [EventManagement] [restartedMain] o.s.c.n.eureka.InstanceInfoFactory       : Setting initial instance status as: STARTING
2025-05-11T17:22:37.474+05:30  INFO 6564 --- [EventManagement] [restartedMain] com.netflix.discovery.DiscoveryClient    : Initializing Eureka in region us-east-1
2025-05-11T17:22:37.485+05:30  INFO 6564 --- [EventManagement] [restartedMain] c.n.d.s.r.aws.ConfigClusterResolver      : Resolving eureka endpoints via configuration
2025-05-11T17:22:37.506+05:30  INFO 6564 --- [EventManagement] [restartedMain] com.netflix.discovery.DiscoveryClient    : Disable delta property : false
2025-05-11T17:22:37.506+05:30  INFO 6564 --- [EventManagement] [restartedMain] com.netflix.discovery.DiscoveryClient    : Single vip registry refresh property : null
2025-05-11T17:22:37.507+05:30  INFO 6564 --- [EventManagement] [restartedMain] com.netflix.discovery.DiscoveryClient    : Force full registry fetch : false
2025-05-11T17:22:37.508+05:30  INFO 6564 --- [EventManagement] [restartedMain] com.netflix.discovery.DiscoveryClient    : Application is null : false
2025-05-11T17:22:37.509+05:30  INFO 6564 --- [EventManagement] [restartedMain] com.netflix.discovery.DiscoveryClient    : Registered Applications size is zero : true
2025-05-11T17:22:37.509+05:30  INFO 6564 --- [EventManagement] [restartedMain] com.netflix.discovery.DiscoveryClient    : Application version is -1: true
2025-05-11T17:22:37.510+05:30  INFO 6564 --- [EventManagement] [restartedMain] com.netflix.discovery.DiscoveryClient    : Getting all instance registry info from the eureka server
2025-05-11T17:22:38.061+05:30  INFO 6564 --- [EventManagement] [restartedMain] com.netflix.discovery.DiscoveryClient    : The response status is 200
2025-05-11T17:22:38.068+05:30  INFO 6564 --- [EventManagement] [restartedMain] com.netflix.discovery.DiscoveryClient    : Starting heartbeat executor: renew interval is: 30
2025-05-11T17:22:38.074+05:30  INFO 6564 --- [EventManagement] [restartedMain] c.n.discovery.InstanceInfoReplicator     : InstanceInfoReplicator onDemand update allowed rate per min is 4
2025-05-11T17:22:38.077+05:30  INFO 6564 --- [EventManagement] [restartedMain] com.netflix.discovery.DiscoveryClient    : Discovery Client initialized at timestamp 1746964358077 with initial instances count: 2
2025-05-11T17:22:38.086+05:30  INFO 6564 --- [EventManagement] [restartedMain] o.s.c.n.e.s.EurekaServiceRegistry        : Registering application EVENTMANAGEMENT with eureka with status UP
2025-05-11T17:22:38.088+05:30  INFO 6564 --- [EventManagement] [restartedMain] com.netflix.discovery.DiscoveryClient    : Saw local status change event StatusChangeEvent [timestamp=1746964358088, current=UP, previous=STARTING]
2025-05-11T17:22:38.095+05:30  INFO 6564 --- [EventManagement] [DiscoveryClient-InstanceInfoReplicator-%d] com.netflix.discovery.DiscoveryClient    : DiscoveryClient_EVENTMANAGEMENT/LTIN617400.cts.com:EventManagement:3030: registering service...
2025-05-11T17:22:38.142+05:30  INFO 6564 --- [EventManagement] [restartedMain] o.s.b.w.embedded.tomcat.TomcatWebServer  : Tomcat started on port 3030 (http) with context path '/'
2025-05-11T17:22:38.144+05:30  INFO 6564 --- [EventManagement] [restartedMain] .s.c.n.e.s.EurekaAutoServiceRegistration : Updating port to 3030
2025-05-11T17:22:38.173+05:30  INFO 6564 --- [EventManagement] [restartedMain] com.cts.EventManagementApplication       : Started EventManagementApplication in 13.589 seconds (process running for 15.808)
2025-05-11T17:22:38.206+05:30  INFO 6564 --- [EventManagement] [DiscoveryClient-InstanceInfoReplicator-%d] com.netflix.discovery.DiscoveryClient    : DiscoveryClient_EVENTMANAGEMENT/LTIN617400.cts.com:EventManagement:3030 - registration status: 204
2025-05-11T17:27:37.515+05:30  INFO 6564 --- [EventManagement] [AsyncResolver-bootstrap-executor-%d] c.n.d.s.r.aws.ConfigClusterResolver      : Resolving eureka endpoints via configuration
2025-05-11T17:32:37.520+05:30  INFO 6564 --- [EventManagement] [AsyncResolver-bootstrap-executor-%d] c.n.d.s.r.aws.ConfigClusterResolver      : Resolving eureka endpoints via configuration
2025-05-11T17:37:37.532+05:30  INFO 6564 --- [EventManagement] [AsyncResolver-bootstrap-executor-%d] c.n.d.s.r.aws.ConfigClusterResolver      : Resolving eureka endpoints via configuration
2025-05-11T19:21:03.117+05:30  WARN 6564 --- [EventManagement] [HikariPool-1 housekeeper] com.zaxxer.hikari.pool.HikariPool        : HikariPool-1 - Thread starvation or clock leap detected (housekeeper delta=1h41m59s723ms281µs899ns).
2025-05-11T19:24:07.248+05:30  INFO 6564 --- [EventManagement] [AsyncResolver-bootstrap-executor-%d] c.n.d.s.r.aws.ConfigClusterResolver      : Resolving eureka endpoints via configuration
2025-05-11T19:29:07.266+05:30  INFO 6564 --- [EventManagement] [AsyncResolver-bootstrap-executor-%d] c.n.d.s.r.aws.ConfigClusterResolver      : Resolving eureka endpoints via configuration
2025-05-11T19:34:07.277+05:30  INFO 6564 --- [EventManagement] [AsyncResolver-bootstrap-executor-%d] c.n.d.s.r.aws.ConfigClusterResolver      : Resolving eureka endpoints via configuration
2025-05-11T19:39:07.289+05:30  INFO 6564 --- [EventManagement] [AsyncResolver-bootstrap-executor-%d] c.n.d.s.r.aws.ConfigClusterResolver      : Resolving eureka endpoints via configuration
