2025-05-11T17:22:01.035+05:30  INFO 30888 --- [UserRegistration] [restartedMain] com.cts.UserRegistrationApplication      : Starting UserRegistrationApplication using Java 21.0.6 with PID 30888 (C:\Users\2401270\git\Em_project\UserRegistration\target\classes started by 2401270 in C:\Users\2401270\git\Em_project\UserRegistration)
2025-05-11T17:22:01.057+05:30  INFO 30888 --- [UserRegistration] [restartedMain] com.cts.UserRegistrationApplication      : No active profile set, falling back to 1 default profile: "default"
2025-05-11T17:22:01.205+05:30  INFO 30888 --- [UserRegistration] [restartedMain] o.s.c.c.c.ConfigServerConfigDataLoader   : Fetching config from server at : http://localhost:8083
2025-05-11T17:22:01.207+05:30  INFO 30888 --- [UserRegistration] [restartedMain] o.s.c.c.c.ConfigServerConfigDataLoader   : Located environment: name=UserRegistration, profiles=[default], label=null, version=7a833fc721876b5273d3e4e288ddb7b692088b6d, state=
2025-05-11T17:22:01.214+05:30  INFO 30888 --- [UserRegistration] [restartedMain] .e.DevToolsPropertyDefaultsPostProcessor : Devtools property defaults active! Set 'spring.devtools.add-properties' to 'false' to disable
2025-05-11T17:22:01.215+05:30  INFO 30888 --- [UserRegistration] [restartedMain] .e.DevToolsPropertyDefaultsPostProcessor : For additional web related logging consider setting the 'logging.level.web' property to 'DEBUG'
2025-05-11T17:22:03.169+05:30  INFO 30888 --- [UserRegistration] [restartedMain] .s.d.r.c.RepositoryConfigurationDelegate : Bootstrapping Spring Data JPA repositories in DEFAULT mode.
2025-05-11T17:22:03.711+05:30  INFO 30888 --- [UserRegistration] [restartedMain] .s.d.r.c.RepositoryConfigurationDelegate : Finished Spring Data repository scanning in 509 ms. Found 1 JPA repository interface.
2025-05-11T17:22:04.339+05:30  INFO 30888 --- [UserRegistration] [restartedMain] o.s.cloud.context.scope.GenericScope     : BeanFactory id=31911974-e74a-3ab3-90aa-edff18ce3305
2025-05-11T17:22:05.759+05:30  INFO 30888 --- [UserRegistration] [restartedMain] o.s.b.w.embedded.tomcat.TomcatWebServer  : Tomcat initialized with port 3031 (http)
2025-05-11T17:22:05.800+05:30  INFO 30888 --- [UserRegistration] [restartedMain] o.apache.catalina.core.StandardService   : Starting service [Tomcat]
2025-05-11T17:22:05.801+05:30  INFO 30888 --- [UserRegistration] [restartedMain] o.apache.catalina.core.StandardEngine    : Starting Servlet engine: [Apache Tomcat/10.1.40]
2025-05-11T17:22:06.026+05:30  INFO 30888 --- [UserRegistration] [restartedMain] o.a.c.c.C.[Tomcat].[localhost].[/]       : Initializing Spring embedded WebApplicationContext
2025-05-11T17:22:06.027+05:30  INFO 30888 --- [UserRegistration] [restartedMain] w.s.c.ServletWebServerApplicationContext : Root WebApplicationContext: initialization completed in 4810 ms
2025-05-11T17:22:06.440+05:30  INFO 30888 --- [UserRegistration] [restartedMain] o.hibernate.jpa.internal.util.LogHelper  : HHH000204: Processing PersistenceUnitInfo [name: default]
2025-05-11T17:22:06.617+05:30  INFO 30888 --- [UserRegistration] [restartedMain] org.hibernate.Version                    : HHH000412: Hibernate ORM core version 6.6.13.Final
2025-05-11T17:22:06.731+05:30  INFO 30888 --- [UserRegistration] [restartedMain] o.h.c.internal.RegionFactoryInitiator    : HHH000026: Second-level cache disabled
2025-05-11T17:22:07.308+05:30  INFO 30888 --- [UserRegistration] [restartedMain] o.s.o.j.p.SpringPersistenceUnitInfo      : No LoadTimeWeaver setup: ignoring JPA class transformer
2025-05-11T17:22:07.368+05:30  INFO 30888 --- [UserRegistration] [restartedMain] com.zaxxer.hikari.HikariDataSource       : HikariPool-1 - Starting...
2025-05-11T17:22:08.063+05:30  INFO 30888 --- [UserRegistration] [restartedMain] com.zaxxer.hikari.pool.HikariPool        : HikariPool-1 - Added connection com.mysql.cj.jdbc.ConnectionImpl@5f682b19
2025-05-11T17:22:08.067+05:30  INFO 30888 --- [UserRegistration] [restartedMain] com.zaxxer.hikari.HikariDataSource       : HikariPool-1 - Start completed.
2025-05-11T17:22:08.221+05:30  WARN 30888 --- [UserRegistration] [restartedMain] org.hibernate.orm.deprecation            : HHH90000025: MySQLDialect does not need to be specified explicitly using 'hibernate.dialect' (remove the property setting and it will be selected by default)
2025-05-11T17:22:08.271+05:30  INFO 30888 --- [UserRegistration] [restartedMain] org.hibernate.orm.connections.pooling    : HHH10001005: Database info:
	Database JDBC URL [Connecting through datasource 'HikariDataSource (HikariPool-1)']
	Database driver: undefined/unknown
	Database version: 8.0.41
	Autocommit mode: undefined/unknown
	Isolation level: undefined/unknown
	Minimum pool size: undefined/unknown
	Maximum pool size: undefined/unknown
2025-05-11T17:22:10.065+05:30  INFO 30888 --- [UserRegistration] [restartedMain] o.h.e.t.j.p.i.JtaPlatformInitiator       : HHH000489: No JTA platform available (set 'hibernate.transaction.jta.platform' to enable JTA platform integration)
2025-05-11T17:22:10.157+05:30  INFO 30888 --- [UserRegistration] [restartedMain] j.LocalContainerEntityManagerFactoryBean : Initialized JPA EntityManagerFactory for persistence unit 'default'
2025-05-11T17:22:10.768+05:30  WARN 30888 --- [UserRegistration] [restartedMain] JpaBaseConfiguration$JpaWebConfiguration : spring.jpa.open-in-view is enabled by default. Therefore, database queries may be performed during view rendering. Explicitly configure spring.jpa.open-in-view to disable this warning
2025-05-11T17:22:12.093+05:30  WARN 30888 --- [UserRegistration] [restartedMain] o.s.b.d.a.OptionalLiveReloadServer       : Unable to start LiveReload server
2025-05-11T17:22:12.243+05:30  INFO 30888 --- [UserRegistration] [restartedMain] DiscoveryClientOptionalArgsConfiguration : Eureka HTTP Client uses RestTemplate.
2025-05-11T17:22:12.341+05:30  WARN 30888 --- [UserRegistration] [restartedMain] iguration$LoadBalancerCaffeineWarnLogger : Spring Cloud LoadBalancer is currently working with the default cache. While this cache implementation is useful for development and tests, it's recommended to use Caffeine cache in production.You can switch to using Caffeine cache, by adding it and org.springframework.cache.caffeine.CaffeineCacheManager to the classpath.
2025-05-11T17:22:12.461+05:30  INFO 30888 --- [UserRegistration] [restartedMain] o.s.c.n.eureka.InstanceInfoFactory       : Setting initial instance status as: STARTING
2025-05-11T17:22:12.531+05:30  INFO 30888 --- [UserRegistration] [restartedMain] com.netflix.discovery.DiscoveryClient    : Initializing Eureka in region us-east-1
2025-05-11T17:22:12.543+05:30  INFO 30888 --- [UserRegistration] [restartedMain] c.n.d.s.r.aws.ConfigClusterResolver      : Resolving eureka endpoints via configuration
2025-05-11T17:22:12.565+05:30  INFO 30888 --- [UserRegistration] [restartedMain] com.netflix.discovery.DiscoveryClient    : Disable delta property : false
2025-05-11T17:22:12.566+05:30  INFO 30888 --- [UserRegistration] [restartedMain] com.netflix.discovery.DiscoveryClient    : Single vip registry refresh property : null
2025-05-11T17:22:12.567+05:30  INFO 30888 --- [UserRegistration] [restartedMain] com.netflix.discovery.DiscoveryClient    : Force full registry fetch : false
2025-05-11T17:22:12.567+05:30  INFO 30888 --- [UserRegistration] [restartedMain] com.netflix.discovery.DiscoveryClient    : Application is null : false
2025-05-11T17:22:12.569+05:30  INFO 30888 --- [UserRegistration] [restartedMain] com.netflix.discovery.DiscoveryClient    : Registered Applications size is zero : true
2025-05-11T17:22:12.569+05:30  INFO 30888 --- [UserRegistration] [restartedMain] com.netflix.discovery.DiscoveryClient    : Application version is -1: true
2025-05-11T17:22:12.569+05:30  INFO 30888 --- [UserRegistration] [restartedMain] com.netflix.discovery.DiscoveryClient    : Getting all instance registry info from the eureka server
2025-05-11T17:22:13.130+05:30  INFO 30888 --- [UserRegistration] [restartedMain] com.netflix.discovery.DiscoveryClient    : The response status is 200
2025-05-11T17:22:13.134+05:30  INFO 30888 --- [UserRegistration] [restartedMain] com.netflix.discovery.DiscoveryClient    : Starting heartbeat executor: renew interval is: 30
2025-05-11T17:22:13.140+05:30  INFO 30888 --- [UserRegistration] [restartedMain] c.n.discovery.InstanceInfoReplicator     : InstanceInfoReplicator onDemand update allowed rate per min is 4
2025-05-11T17:22:13.145+05:30  INFO 30888 --- [UserRegistration] [restartedMain] com.netflix.discovery.DiscoveryClient    : Discovery Client initialized at timestamp 1746964333144 with initial instances count: 0
2025-05-11T17:22:13.156+05:30  INFO 30888 --- [UserRegistration] [restartedMain] o.s.c.n.e.s.EurekaServiceRegistry        : Registering application USERREGISTRATION with eureka with status UP
2025-05-11T17:22:13.159+05:30  INFO 30888 --- [UserRegistration] [restartedMain] com.netflix.discovery.DiscoveryClient    : Saw local status change event StatusChangeEvent [timestamp=1746964333159, current=UP, previous=STARTING]
2025-05-11T17:22:13.165+05:30  INFO 30888 --- [UserRegistration] [DiscoveryClient-InstanceInfoReplicator-%d] com.netflix.discovery.DiscoveryClient    : DiscoveryClient_USERREGISTRATION/LTIN617400.cts.com:UserRegistration:3031: registering service...
2025-05-11T17:22:13.219+05:30  INFO 30888 --- [UserRegistration] [restartedMain] o.s.b.w.embedded.tomcat.TomcatWebServer  : Tomcat started on port 3031 (http) with context path '/'
2025-05-11T17:22:13.221+05:30  INFO 30888 --- [UserRegistration] [restartedMain] .s.c.n.e.s.EurekaAutoServiceRegistration : Updating port to 3031
2025-05-11T17:22:13.250+05:30  INFO 30888 --- [UserRegistration] [restartedMain] com.cts.UserRegistrationApplication      : Started UserRegistrationApplication in 15.068 seconds (process running for 17.66)
2025-05-11T17:22:13.279+05:30  INFO 30888 --- [UserRegistration] [DiscoveryClient-InstanceInfoReplicator-%d] com.netflix.discovery.DiscoveryClient    : DiscoveryClient_USERREGISTRATION/LTIN617400.cts.com:UserRegistration:3031 - registration status: 204
2025-05-11T17:22:43.143+05:30  INFO 30888 --- [UserRegistration] [DiscoveryClient-CacheRefreshExecutor-%d] com.netflix.discovery.DiscoveryClient    : Disable delta property : false
2025-05-11T17:22:43.147+05:30  INFO 30888 --- [UserRegistration] [DiscoveryClient-CacheRefreshExecutor-%d] com.netflix.discovery.DiscoveryClient    : Single vip registry refresh property : null
2025-05-11T17:22:43.147+05:30  INFO 30888 --- [UserRegistration] [DiscoveryClient-CacheRefreshExecutor-%d] com.netflix.discovery.DiscoveryClient    : Force full registry fetch : false
2025-05-11T17:22:43.148+05:30  INFO 30888 --- [UserRegistration] [DiscoveryClient-CacheRefreshExecutor-%d] com.netflix.discovery.DiscoveryClient    : Application is null : false
2025-05-11T17:22:43.150+05:30  INFO 30888 --- [UserRegistration] [DiscoveryClient-CacheRefreshExecutor-%d] com.netflix.discovery.DiscoveryClient    : Registered Applications size is zero : true
2025-05-11T17:22:43.163+05:30  INFO 30888 --- [UserRegistration] [DiscoveryClient-CacheRefreshExecutor-%d] com.netflix.discovery.DiscoveryClient    : Application version is -1: false
2025-05-11T17:22:43.168+05:30  INFO 30888 --- [UserRegistration] [DiscoveryClient-CacheRefreshExecutor-%d] com.netflix.discovery.DiscoveryClient    : Getting all instance registry info from the eureka server
2025-05-11T17:22:43.247+05:30  INFO 30888 --- [UserRegistration] [DiscoveryClient-CacheRefreshExecutor-%d] com.netflix.discovery.DiscoveryClient    : The response status is 200
2025-05-11T17:27:12.575+05:30  INFO 30888 --- [UserRegistration] [AsyncResolver-bootstrap-executor-%d] c.n.d.s.r.aws.ConfigClusterResolver      : Resolving eureka endpoints via configuration
2025-05-11T17:30:15.146+05:30  INFO 30888 --- [UserRegistration] [http-nio-3031-exec-1] o.a.c.c.C.[Tomcat].[localhost].[/]       : Initializing Spring DispatcherServlet 'dispatcherServlet'
2025-05-11T17:30:15.147+05:30  INFO 30888 --- [UserRegistration] [http-nio-3031-exec-1] o.s.web.servlet.DispatcherServlet        : Initializing Servlet 'dispatcherServlet'
2025-05-11T17:30:15.154+05:30  INFO 30888 --- [UserRegistration] [http-nio-3031-exec-1] o.s.web.servlet.DispatcherServlet        : Completed initialization in 6 ms
2025-05-11T17:30:15.265+05:30  INFO 30888 --- [UserRegistration] [http-nio-3031-exec-1] c.c.service.UserRegistrationServiceImpl  : Fetching all users
2025-05-11T17:32:12.580+05:30  INFO 30888 --- [UserRegistration] [AsyncResolver-bootstrap-executor-%d] c.n.d.s.r.aws.ConfigClusterResolver      : Resolving eureka endpoints via configuration
2025-05-11T17:34:06.017+05:30  INFO 30888 --- [UserRegistration] [http-nio-3031-exec-3] c.c.service.UserRegistrationServiceImpl  : Saving user: UserRegistration(id=0, userName=HariHaran, userEmail=Harii@gmail.com, userPassword=newpassword123, userContactNumber=9987654321)
2025-05-11T17:37:12.592+05:30  INFO 30888 --- [UserRegistration] [AsyncResolver-bootstrap-executor-%d] c.n.d.s.r.aws.ConfigClusterResolver      : Resolving eureka endpoints via configuration
2025-05-11T19:20:38.094+05:30  WARN 30888 --- [UserRegistration] [HikariPool-1 housekeeper] com.zaxxer.hikari.pool.HikariPool        : HikariPool-1 - Thread starvation or clock leap detected (housekeeper delta=1h41m59s723ms219µs700ns).
2025-05-11T19:23:42.302+05:30  INFO 30888 --- [UserRegistration] [AsyncResolver-bootstrap-executor-%d] c.n.d.s.r.aws.ConfigClusterResolver      : Resolving eureka endpoints via configuration
2025-05-11T19:28:42.317+05:30  INFO 30888 --- [UserRegistration] [AsyncResolver-bootstrap-executor-%d] c.n.d.s.r.aws.ConfigClusterResolver      : Resolving eureka endpoints via configuration
2025-05-11T19:33:42.328+05:30  INFO 30888 --- [UserRegistration] [AsyncResolver-bootstrap-executor-%d] c.n.d.s.r.aws.ConfigClusterResolver      : Resolving eureka endpoints via configuration
2025-05-11T19:36:28.177+05:30  INFO 30888 --- [UserRegistration] [RMI TCP Connection(46)-127.0.0.1] inMXBeanRegistrar$SpringApplicationAdmin : Application shutdown requested.
2025-05-11T19:36:28.183+05:30  INFO 30888 --- [UserRegistration] [RMI TCP Connection(46)-127.0.0.1] o.s.c.n.e.s.EurekaServiceRegistry        : Unregistering application USERREGISTRATION with eureka with status DOWN
2025-05-11T19:36:28.184+05:30  INFO 30888 --- [UserRegistration] [RMI TCP Connection(46)-127.0.0.1] com.netflix.discovery.DiscoveryClient    : Saw local status change event StatusChangeEvent [timestamp=1746972388184, current=DOWN, previous=UP]
2025-05-11T19:36:28.184+05:30  INFO 30888 --- [UserRegistration] [DiscoveryClient-InstanceInfoReplicator-%d] com.netflix.discovery.DiscoveryClient    : DiscoveryClient_USERREGISTRATION/LTIN617400.cts.com:UserRegistration:3031: registering service...
2025-05-11T19:36:28.191+05:30  INFO 30888 --- [UserRegistration] [RMI TCP Connection(46)-127.0.0.1] o.s.b.w.e.tomcat.GracefulShutdown        : Commencing graceful shutdown. Waiting for active requests to complete
2025-05-11T19:36:28.202+05:30  INFO 30888 --- [UserRegistration] [DiscoveryClient-InstanceInfoReplicator-%d] com.netflix.discovery.DiscoveryClient    : DiscoveryClient_USERREGISTRATION/LTIN617400.cts.com:UserRegistration:3031 - registration status: 204
2025-05-11T19:36:28.204+05:30  INFO 30888 --- [UserRegistration] [tomcat-shutdown] o.s.b.w.e.tomcat.GracefulShutdown        : Graceful shutdown complete
2025-05-11T19:36:28.221+05:30  INFO 30888 --- [UserRegistration] [RMI TCP Connection(46)-127.0.0.1] j.LocalContainerEntityManagerFactoryBean : Closing JPA EntityManagerFactory for persistence unit 'default'
2025-05-11T19:36:28.228+05:30  INFO 30888 --- [UserRegistration] [RMI TCP Connection(46)-127.0.0.1] com.zaxxer.hikari.HikariDataSource       : HikariPool-1 - Shutdown initiated...
2025-05-11T19:36:28.244+05:30  INFO 30888 --- [UserRegistration] [RMI TCP Connection(46)-127.0.0.1] com.zaxxer.hikari.HikariDataSource       : HikariPool-1 - Shutdown completed.
2025-05-11T19:36:28.246+05:30  INFO 30888 --- [UserRegistration] [RMI TCP Connection(46)-127.0.0.1] com.netflix.discovery.DiscoveryClient    : Shutting down DiscoveryClient ...
2025-05-11T19:36:31.255+05:30  INFO 30888 --- [UserRegistration] [RMI TCP Connection(46)-127.0.0.1] com.netflix.discovery.DiscoveryClient    : Unregistering ...
2025-05-11T19:36:31.276+05:30  INFO 30888 --- [UserRegistration] [RMI TCP Connection(46)-127.0.0.1] com.netflix.discovery.DiscoveryClient    : DiscoveryClient_USERREGISTRATION/LTIN617400.cts.com:UserRegistration:3031 - deregister  status: 200
2025-05-11T19:36:31.277+05:30  INFO 30888 --- [UserRegistration] [RMI TCP Connection(46)-127.0.0.1] com.netflix.discovery.DiscoveryClient    : Completed shut down of DiscoveryClient
2025-05-11T19:36:45.515+05:30  INFO 3856 --- [UserRegistration] [restartedMain] com.cts.UserRegistrationApplication      : Starting UserRegistrationApplication using Java 21.0.6 with PID 3856 (C:\Users\2401270\git\Em_project\UserRegistration\target\classes started by 2401270 in C:\Users\2401270\git\Em_project\UserRegistration)
2025-05-11T19:36:45.518+05:30  INFO 3856 --- [UserRegistration] [restartedMain] com.cts.UserRegistrationApplication      : No active profile set, falling back to 1 default profile: "default"
2025-05-11T19:36:45.642+05:30  INFO 3856 --- [UserRegistration] [restartedMain] o.s.c.c.c.ConfigServerConfigDataLoader   : Fetching config from server at : http://localhost:8083
2025-05-11T19:36:45.643+05:30  INFO 3856 --- [UserRegistration] [restartedMain] o.s.c.c.c.ConfigServerConfigDataLoader   : Located environment: name=UserRegistration, profiles=[default], label=null, version=7a833fc721876b5273d3e4e288ddb7b692088b6d, state=
2025-05-11T19:36:45.647+05:30  INFO 3856 --- [UserRegistration] [restartedMain] .e.DevToolsPropertyDefaultsPostProcessor : Devtools property defaults active! Set 'spring.devtools.add-properties' to 'false' to disable
2025-05-11T19:36:45.649+05:30  INFO 3856 --- [UserRegistration] [restartedMain] .e.DevToolsPropertyDefaultsPostProcessor : For additional web related logging consider setting the 'logging.level.web' property to 'DEBUG'
2025-05-11T19:36:47.005+05:30  INFO 3856 --- [UserRegistration] [restartedMain] .s.d.r.c.RepositoryConfigurationDelegate : Bootstrapping Spring Data JPA repositories in DEFAULT mode.
2025-05-11T19:36:47.205+05:30  INFO 3856 --- [UserRegistration] [restartedMain] .s.d.r.c.RepositoryConfigurationDelegate : Finished Spring Data repository scanning in 183 ms. Found 1 JPA repository interface.
2025-05-11T19:36:47.451+05:30  INFO 3856 --- [UserRegistration] [restartedMain] o.s.cloud.context.scope.GenericScope     : BeanFactory id=31911974-e74a-3ab3-90aa-edff18ce3305
2025-05-11T19:36:48.318+05:30  INFO 3856 --- [UserRegistration] [restartedMain] o.s.b.w.embedded.tomcat.TomcatWebServer  : Tomcat initialized with port 3031 (http)
2025-05-11T19:36:48.353+05:30  INFO 3856 --- [UserRegistration] [restartedMain] o.apache.catalina.core.StandardService   : Starting service [Tomcat]
2025-05-11T19:36:48.354+05:30  INFO 3856 --- [UserRegistration] [restartedMain] o.apache.catalina.core.StandardEngine    : Starting Servlet engine: [Apache Tomcat/10.1.40]
2025-05-11T19:36:48.484+05:30  INFO 3856 --- [UserRegistration] [restartedMain] o.a.c.c.C.[Tomcat].[localhost].[/]       : Initializing Spring embedded WebApplicationContext
2025-05-11T19:36:48.485+05:30  INFO 3856 --- [UserRegistration] [restartedMain] w.s.c.ServletWebServerApplicationContext : Root WebApplicationContext: initialization completed in 2834 ms
2025-05-11T19:36:48.800+05:30  INFO 3856 --- [UserRegistration] [restartedMain] o.hibernate.jpa.internal.util.LogHelper  : HHH000204: Processing PersistenceUnitInfo [name: default]
2025-05-11T19:36:48.964+05:30  INFO 3856 --- [UserRegistration] [restartedMain] org.hibernate.Version                    : HHH000412: Hibernate ORM core version 6.6.13.Final
2025-05-11T19:36:49.031+05:30  INFO 3856 --- [UserRegistration] [restartedMain] o.h.c.internal.RegionFactoryInitiator    : HHH000026: Second-level cache disabled
2025-05-11T19:36:49.581+05:30  INFO 3856 --- [UserRegistration] [restartedMain] o.s.o.j.p.SpringPersistenceUnitInfo      : No LoadTimeWeaver setup: ignoring JPA class transformer
2025-05-11T19:36:49.669+05:30  INFO 3856 --- [UserRegistration] [restartedMain] com.zaxxer.hikari.HikariDataSource       : HikariPool-1 - Starting...
2025-05-11T19:36:50.223+05:30  INFO 3856 --- [UserRegistration] [restartedMain] com.zaxxer.hikari.pool.HikariPool        : HikariPool-1 - Added connection com.mysql.cj.jdbc.ConnectionImpl@6b86308
2025-05-11T19:36:50.226+05:30  INFO 3856 --- [UserRegistration] [restartedMain] com.zaxxer.hikari.HikariDataSource       : HikariPool-1 - Start completed.
2025-05-11T19:36:50.327+05:30  WARN 3856 --- [UserRegistration] [restartedMain] org.hibernate.orm.deprecation            : HHH90000025: MySQLDialect does not need to be specified explicitly using 'hibernate.dialect' (remove the property setting and it will be selected by default)
2025-05-11T19:36:50.372+05:30  INFO 3856 --- [UserRegistration] [restartedMain] org.hibernate.orm.connections.pooling    : HHH10001005: Database info:
	Database JDBC URL [Connecting through datasource 'HikariDataSource (HikariPool-1)']
	Database driver: undefined/unknown
	Database version: 8.0.41
	Autocommit mode: undefined/unknown
	Isolation level: undefined/unknown
	Minimum pool size: undefined/unknown
	Maximum pool size: undefined/unknown
2025-05-11T19:36:51.854+05:30  INFO 3856 --- [UserRegistration] [restartedMain] o.h.e.t.j.p.i.JtaPlatformInitiator       : HHH000489: No JTA platform available (set 'hibernate.transaction.jta.platform' to enable JTA platform integration)
2025-05-11T19:36:51.934+05:30  INFO 3856 --- [UserRegistration] [restartedMain] j.LocalContainerEntityManagerFactoryBean : Initialized JPA EntityManagerFactory for persistence unit 'default'
2025-05-11T19:36:52.417+05:30  WARN 3856 --- [UserRegistration] [restartedMain] JpaBaseConfiguration$JpaWebConfiguration : spring.jpa.open-in-view is enabled by default. Therefore, database queries may be performed during view rendering. Explicitly configure spring.jpa.open-in-view to disable this warning
2025-05-11T19:36:53.437+05:30  WARN 3856 --- [UserRegistration] [restartedMain] o.s.b.d.a.OptionalLiveReloadServer       : Unable to start LiveReload server
2025-05-11T19:36:53.554+05:30  INFO 3856 --- [UserRegistration] [restartedMain] DiscoveryClientOptionalArgsConfiguration : Eureka HTTP Client uses RestTemplate.
2025-05-11T19:36:53.622+05:30  WARN 3856 --- [UserRegistration] [restartedMain] iguration$LoadBalancerCaffeineWarnLogger : Spring Cloud LoadBalancer is currently working with the default cache. While this cache implementation is useful for development and tests, it's recommended to use Caffeine cache in production.You can switch to using Caffeine cache, by adding it and org.springframework.cache.caffeine.CaffeineCacheManager to the classpath.
2025-05-11T19:36:53.720+05:30  INFO 3856 --- [UserRegistration] [restartedMain] o.s.c.n.eureka.InstanceInfoFactory       : Setting initial instance status as: STARTING
2025-05-11T19:36:53.771+05:30  INFO 3856 --- [UserRegistration] [restartedMain] com.netflix.discovery.DiscoveryClient    : Initializing Eureka in region us-east-1
2025-05-11T19:36:53.779+05:30  INFO 3856 --- [UserRegistration] [restartedMain] c.n.d.s.r.aws.ConfigClusterResolver      : Resolving eureka endpoints via configuration
2025-05-11T19:36:53.803+05:30  INFO 3856 --- [UserRegistration] [restartedMain] com.netflix.discovery.DiscoveryClient    : Disable delta property : false
2025-05-11T19:36:53.804+05:30  INFO 3856 --- [UserRegistration] [restartedMain] com.netflix.discovery.DiscoveryClient    : Single vip registry refresh property : null
2025-05-11T19:36:53.804+05:30  INFO 3856 --- [UserRegistration] [restartedMain] com.netflix.discovery.DiscoveryClient    : Force full registry fetch : false
2025-05-11T19:36:53.805+05:30  INFO 3856 --- [UserRegistration] [restartedMain] com.netflix.discovery.DiscoveryClient    : Application is null : false
2025-05-11T19:36:53.805+05:30  INFO 3856 --- [UserRegistration] [restartedMain] com.netflix.discovery.DiscoveryClient    : Registered Applications size is zero : true
2025-05-11T19:36:53.805+05:30  INFO 3856 --- [UserRegistration] [restartedMain] com.netflix.discovery.DiscoveryClient    : Application version is -1: true
2025-05-11T19:36:53.806+05:30  INFO 3856 --- [UserRegistration] [restartedMain] com.netflix.discovery.DiscoveryClient    : Getting all instance registry info from the eureka server
2025-05-11T19:36:54.354+05:30  INFO 3856 --- [UserRegistration] [restartedMain] com.netflix.discovery.DiscoveryClient    : The response status is 200
2025-05-11T19:36:54.362+05:30  INFO 3856 --- [UserRegistration] [restartedMain] com.netflix.discovery.DiscoveryClient    : Starting heartbeat executor: renew interval is: 30
2025-05-11T19:36:54.367+05:30  INFO 3856 --- [UserRegistration] [restartedMain] c.n.discovery.InstanceInfoReplicator     : InstanceInfoReplicator onDemand update allowed rate per min is 4
2025-05-11T19:36:54.369+05:30  INFO 3856 --- [UserRegistration] [restartedMain] com.netflix.discovery.DiscoveryClient    : Discovery Client initialized at timestamp 1746972414369 with initial instances count: 6
2025-05-11T19:36:54.376+05:30  INFO 3856 --- [UserRegistration] [restartedMain] o.s.c.n.e.s.EurekaServiceRegistry        : Registering application USERREGISTRATION with eureka with status UP
2025-05-11T19:36:54.377+05:30  INFO 3856 --- [UserRegistration] [restartedMain] com.netflix.discovery.DiscoveryClient    : Saw local status change event StatusChangeEvent [timestamp=1746972414377, current=UP, previous=STARTING]
2025-05-11T19:36:54.384+05:30  INFO 3856 --- [UserRegistration] [DiscoveryClient-InstanceInfoReplicator-%d] com.netflix.discovery.DiscoveryClient    : DiscoveryClient_USERREGISTRATION/LTIN617400.cts.com:UserRegistration:3031: registering service...
2025-05-11T19:36:54.443+05:30  INFO 3856 --- [UserRegistration] [restartedMain] o.s.b.w.embedded.tomcat.TomcatWebServer  : Tomcat started on port 3031 (http) with context path '/'
2025-05-11T19:36:54.446+05:30  INFO 3856 --- [UserRegistration] [restartedMain] .s.c.n.e.s.EurekaAutoServiceRegistration : Updating port to 3031
2025-05-11T19:36:54.478+05:30  INFO 3856 --- [UserRegistration] [DiscoveryClient-InstanceInfoReplicator-%d] com.netflix.discovery.DiscoveryClient    : DiscoveryClient_USERREGISTRATION/LTIN617400.cts.com:UserRegistration:3031 - registration status: 204
2025-05-11T19:36:54.478+05:30  INFO 3856 --- [UserRegistration] [restartedMain] com.cts.UserRegistrationApplication      : Started UserRegistrationApplication in 11.496 seconds (process running for 13.628)
